Сборка начата 06.03.2025 19:10:44.
Уровень детализации журнала: Normal.     1>Проект "D:\Универ\MP\Lab_2\Accommodations\Accommodations.vcxproj" в узле 2 (целевые объекты Build).
     1>PrepareForBuild:
         Структурированный вывод включен. Форматирование диагностики компилятора будет отражать иерархию ошибок. Подробнее см. https://aka.ms/cpp/structured-output.
       InitializeBuildStatus:
         Обращение к "x64\Debug\Accommodations.tlog\unsuccessfulbuild".
       ClCompile:
         Для всех выходных данных обновления не требуется.
       Link:
         C:\Program Files\Microsoft Visual Studio\2022\Community\VC\Tools\MSVC\14.43.34808\bin\HostX64\x64\link.exe /ERRORREPORT:PROMPT /OUT:"D:\Универ\MP\Lab_2\Lab2\x64\Debug\Accommodations.exe" /INCREMENTAL /ILK:"x64\Debug\Accommodations.ilk" /NOLOGO kernel32.lib user32.lib gdi32.lib winspool.lib comdlg32.lib advapi32.lib shell32.lib ole32.lib oleaut32.lib uuid.lib odbc32.lib odbccp32.lib /MANIFEST /MANIFESTUAC:"level='asInvoker' uiAccess='false'" /manifest:embed /DEBUG /PDB:"D:\Универ\MP\Lab_2\Lab2\x64\Debug\Accommodations.pdb" /SUBSYSTEM:CONSOLE /TLBID:1 /DYNAMICBASE /NXCOMPAT /IMPLIB:"D:\Универ\MP\Lab_2\Lab2\x64\Debug\Accommodations.lib" /MACHINE:X64 x64\Debug\Accommodations.obj
         x64\Debug\Combi.obj
     1>LINK : fatal error LNK1168: не удается открыть D:\Универ\MP\Lab_2\Lab2\x64\Debug\Accommodations.exe для записи
     1>Сборка проекта "D:\Универ\MP\Lab_2\Accommodations\Accommodations.vcxproj" завершена (целевые объекты Build) с ошибкой.

Ошибка сборки.

       "D:\Универ\MP\Lab_2\Accommodations\Accommodations.vcxproj" (целевой объект Build ) (1) ->
       (Целевой объект Link) -> 
         LINK : fatal error LNK1168: не удается открыть D:\Универ\MP\Lab_2\Lab2\x64\Debug\Accommodations.exe для записи

    Предупреждений: 0
    Ошибок: 1

Прошло времени 00:00:00.10
