Сборка начата 06.03.2025 16:42:21.
Уровень детализации журнала: Normal.     1>Проект "D:\Универ\MP\Lab_2\Subsets\Subsets.vcxproj" в узле 2 (целевые объекты Build).
     1>PrepareForBuild:
         Структурированный вывод включен. Форматирование диагностики компилятора будет отражать иерархию ошибок. Подробнее см. https://aka.ms/cpp/structured-output.
       InitializeBuildStatus:
         Обращение к "x64\Debug\Subsets.tlog\unsuccessfulbuild".
       ClCompile:
         Для всех выходных данных обновления не требуется.
       Link:
         C:\Program Files\Microsoft Visual Studio\2022\Community\VC\Tools\MSVC\14.43.34808\bin\HostX64\x64\link.exe /ERRORREPORT:PROMPT /OUT:"D:\Универ\MP\Lab_2\Lab2\x64\Debug\Subsets.exe" /INCREMENTAL /ILK:"x64\Debug\Subsets.ilk" /NOLOGO kernel32.lib user32.lib gdi32.lib winspool.lib comdlg32.lib advapi32.lib shell32.lib ole32.lib oleaut32.lib uuid.lib odbc32.lib odbccp32.lib /MANIFEST /MANIFESTUAC:"level='asInvoker' uiAccess='false'" /manifest:embed /DEBUG /PDB:"D:\Универ\MP\Lab_2\Lab2\x64\Debug\Subsets.pdb" /SUBSYSTEM:CONSOLE /TLBID:1 /DYNAMICBASE /NXCOMPAT /IMPLIB:"D:\Универ\MP\Lab_2\Lab2\x64\Debug\Subsets.lib" /MACHINE:X64 x64\Debug\Combi.obj
         x64\Debug\Subsets.obj
         Subsets.vcxproj -> D:\Универ\MP\Lab_2\Lab2\x64\Debug\Subsets.exe
       FinalizeBuildStatus:
         Файл "x64\Debug\Subsets.tlog\unsuccessfulbuild" удаляется.
         Обращение к "x64\Debug\Subsets.tlog\Subsets.lastbuildstate".
     1>Сборка проекта "D:\Универ\MP\Lab_2\Subsets\Subsets.vcxproj" завершена (целевые объекты Build).

Сборка успешно завершена.
    Предупреждений: 0
    Ошибок: 0

Прошло времени 00:00:00.17
