Сборка начата 27.03.2025 17:17:35.
Уровень детализации журнала: Normal.     1>Проект "D:\Универ\MP\Lab4\MultiMatrix\MultiMatrix.vcxproj" в узле 2 (целевые объекты Build).
     1>PrepareForBuild:
         Структурированный вывод включен. Форматирование диагностики компилятора будет отражать иерархию ошибок. Подробнее см. https://aka.ms/cpp/structured-output.
       InitializeBuildStatus:
         Создание "x64\Debug\MultiMatrix.tlog\unsuccessfulbuild", так как было задано "AlwaysCreate".
         Обращение к "x64\Debug\MultiMatrix.tlog\unsuccessfulbuild".
       ClCompile:
         C:\Program Files\Microsoft Visual Studio\2022\Community\VC\Tools\MSVC\14.43.34808\bin\HostX64\x64\CL.exe /c /ZI /JMC /nologo /W3 /WX- /diagnostics:column /sdl /Od /D _DEBUG /D _CONSOLE /D _UNICODE /D UNICODE /Gm- /EHsc /RTC1 /MDd /GS /fp:precise /Zc:wchar_t /Zc:forScope /Zc:inline /permissive- /Fo"x64\Debug\\" /Fd"x64\Debug\vc143.pdb" /external:W3 /Gd /TP /FC /errorReport:prompt main.cpp MultiMatrix.cpp
         main.cpp
         MultiMatrix.cpp
         Создание кода...
       Link:
         C:\Program Files\Microsoft Visual Studio\2022\Community\VC\Tools\MSVC\14.43.34808\bin\HostX64\x64\link.exe /ERRORREPORT:PROMPT /OUT:"D:\Универ\MP\Lab4\x64\Debug\MultiMatrix.exe" /INCREMENTAL /ILK:"x64\Debug\MultiMatrix.ilk" /NOLOGO kernel32.lib user32.lib gdi32.lib winspool.lib comdlg32.lib advapi32.lib shell32.lib ole32.lib oleaut32.lib uuid.lib odbc32.lib odbccp32.lib /MANIFEST /MANIFESTUAC:"level='asInvoker' uiAccess='false'" /manifest:embed /DEBUG /PDB:"D:\Универ\MP\Lab4\x64\Debug\MultiMatrix.pdb" /SUBSYSTEM:CONSOLE /TLBID:1 /DYNAMICBASE /NXCOMPAT /IMPLIB:"D:\Универ\MP\Lab4\x64\Debug\MultiMatrix.lib" /MACHINE:X64 x64\Debug\main.obj
         x64\Debug\MultiMatrix.obj
         MultiMatrix.vcxproj -> D:\Универ\MP\Lab4\x64\Debug\MultiMatrix.exe
       TlogCleanup:
         Следующие элементы будут удалены из tlogs, так как они были удалены из проекта или сборки: D:\study\4_sem\Math Programming\Lab4\MultiMatrix\main.cpp.
       FinalizeBuildStatus:
         Файл "x64\Debug\MultiMatrix.tlog\unsuccessfulbuild" удаляется.
         Обращение к "x64\Debug\MultiMatrix.tlog\MultiMatrix.lastbuildstate".
     1>Сборка проекта "D:\Универ\MP\Lab4\MultiMatrix\MultiMatrix.vcxproj" завершена (целевые объекты Build).

Сборка успешно завершена.
    Предупреждений: 0
    Ошибок: 0

Прошло времени 00:00:01.56
