Сборка начата 06.03.2025 19:11:37.
Уровень детализации журнала: Normal.     1>Проект "D:\Универ\MP\Lab_2\Combinations\Combinations.vcxproj" в узле 2 (целевые объекты Build).
     1>PrepareForBuild:
         Структурированный вывод включен. Форматирование диагностики компилятора будет отражать иерархию ошибок. Подробнее см. https://aka.ms/cpp/structured-output.
       InitializeBuildStatus:
         Создание "x64\Debug\Combinations.tlog\unsuccessfulbuild", так как было задано "AlwaysCreate".
         Обращение к "x64\Debug\Combinations.tlog\unsuccessfulbuild".
       ClCompile:
         C:\Program Files\Microsoft Visual Studio\2022\Community\VC\Tools\MSVC\14.43.34808\bin\HostX64\x64\CL.exe /c /ZI /JMC /nologo /W3 /WX- /diagnostics:column /sdl /Od /D _DEBUG /D _CONSOLE /D _UNICODE /D UNICODE /Gm- /EHsc /RTC1 /MDd /GS /fp:precise /Zc:wchar_t /Zc:forScope /Zc:inline /permissive- /Fo"x64\Debug\\" /Fd"x64\Debug\vc143.pdb" /external:W3 /Gd /TP /FC /errorReport:prompt Combinations.cpp
         Combinations.cpp
       Link:
         C:\Program Files\Microsoft Visual Studio\2022\Community\VC\Tools\MSVC\14.43.34808\bin\HostX64\x64\link.exe /ERRORREPORT:PROMPT /OUT:"D:\Универ\MP\Lab_2\Lab2\x64\Debug\Combinations.exe" /INCREMENTAL /ILK:"x64\Debug\Combinations.ilk" /NOLOGO kernel32.lib user32.lib gdi32.lib winspool.lib comdlg32.lib advapi32.lib shell32.lib ole32.lib oleaut32.lib uuid.lib odbc32.lib odbccp32.lib /MANIFEST /MANIFESTUAC:"level='asInvoker' uiAccess='false'" /manifest:embed /DEBUG /PDB:"D:\Универ\MP\Lab_2\Lab2\x64\Debug\Combinations.pdb" /SUBSYSTEM:CONSOLE /TLBID:1 /DYNAMICBASE /NXCOMPAT /IMPLIB:"D:\Универ\MP\Lab_2\Lab2\x64\Debug\Combinations.lib" /MACHINE:X64 x64\Debug\Combi.obj
         x64\Debug\Combinations.obj
         Combinations.vcxproj -> D:\Универ\MP\Lab_2\Lab2\x64\Debug\Combinations.exe
       FinalizeBuildStatus:
         Файл "x64\Debug\Combinations.tlog\unsuccessfulbuild" удаляется.
         Обращение к "x64\Debug\Combinations.tlog\Combinations.lastbuildstate".
     1>Сборка проекта "D:\Универ\MP\Lab_2\Combinations\Combinations.vcxproj" завершена (целевые объекты Build).

Сборка успешно завершена.
    Предупреждений: 0
    Ошибок: 0

Прошло времени 00:00:00.95
