Сборка начата 10.04.2025 16:22:25.
Уровень детализации журнала: Normal.     1>Проект "D:\Универ\4sem-master\4sem-master\Math Programming\Lab6\Lab6\Lab6.vcxproj" в узле 2 (целевые объекты Build).
     1>PrepareForBuild:
         Структурированный вывод включен. Форматирование диагностики компилятора будет отражать иерархию ошибок. Подробнее см. https://aka.ms/cpp/structured-output.
       InitializeBuildStatus:
         Создание "Lab6\x64\Debug\Lab6.tlog\unsuccessfulbuild", так как было задано "AlwaysCreate".
         Обращение к "Lab6\x64\Debug\Lab6.tlog\unsuccessfulbuild".
       ClCompile:
         C:\Program Files\Microsoft Visual Studio\2022\Community\VC\Tools\MSVC\14.43.34808\bin\HostX64\x64\CL.exe /c /ZI /JMC /nologo /W3 /WX- /diagnostics:column /sdl /Od /D _DEBUG /D _CONSOLE /D _UNICODE /D UNICODE /Gm- /EHsc /RTC1 /MDd /GS /fp:precise /Zc:wchar_t /Zc:forScope /Zc:inline /permissive- /Fo"Lab6\x64\Debug\\" /Fd"Lab6\x64\Debug\vc143.pdb" /external:W3 /Gd /TP /FC /errorReport:prompt BFS.cpp DFS.cpp Graph.cpp Main.cpp
         BFS.cpp
         DFS.cpp
         Graph.cpp
         Main.cpp
         Создание кода...
       Link:
         C:\Program Files\Microsoft Visual Studio\2022\Community\VC\Tools\MSVC\14.43.34808\bin\HostX64\x64\link.exe /ERRORREPORT:PROMPT /OUT:"D:\Универ\4sem-master\4sem-master\Math Programming\Lab6\Lab6\x64\Debug\Lab6.exe" /INCREMENTAL /ILK:"Lab6\x64\Debug\Lab6.ilk" /NOLOGO kernel32.lib user32.lib gdi32.lib winspool.lib comdlg32.lib advapi32.lib shell32.lib ole32.lib oleaut32.lib uuid.lib odbc32.lib odbccp32.lib /MANIFEST /MANIFESTUAC:"level='asInvoker' uiAccess='false'" /manifest:embed /DEBUG /PDB:"D:\Универ\4sem-master\4sem-master\Math Programming\Lab6\Lab6\x64\Debug\Lab6.pdb" /SUBSYSTEM:CONSOLE /TLBID:1 /DYNAMICBASE /NXCOMPAT /IMPLIB:"D:\Универ\4sem-master\4sem-master\Math Programming\Lab6\Lab6\x64\Debug\Lab6.lib" /MACHINE:X64 Lab6\x64\Debug\BFS.obj
         Lab6\x64\Debug\DFS.obj
         Lab6\x64\Debug\Graph.obj
         Lab6\x64\Debug\Main.obj
         Lab6.vcxproj -> D:\Универ\4sem-master\4sem-master\Math Programming\Lab6\Lab6\x64\Debug\Lab6.exe
       TlogCleanup:
         Следующие элементы будут удалены из tlogs, так как они были удалены из проекта или сборки: D:\study\4_sem\Math Programming\Lab6\Lab6\BFS.cpp.
       FinalizeBuildStatus:
         Файл "Lab6\x64\Debug\Lab6.tlog\unsuccessfulbuild" удаляется.
         Обращение к "Lab6\x64\Debug\Lab6.tlog\Lab6.lastbuildstate".
     1>Сборка проекта "D:\Универ\4sem-master\4sem-master\Math Programming\Lab6\Lab6\Lab6.vcxproj" завершена (целевые объекты Build).

Сборка успешно завершена.
    Предупреждений: 0
    Ошибок: 0

Прошло времени 00:00:02.62
