Сборка начата 27.03.2025 19:22:40.
Уровень детализации журнала: Normal.     1>Проект "D:\Универ\MP\Lab4\Lab4.vcxproj" в узле 2 (целевые объекты Build).
     1>PrepareForBuild:
         Структурированный вывод включен. Форматирование диагностики компилятора будет отражать иерархию ошибок. Подробнее см. https://aka.ms/cpp/structured-output.
       InitializeBuildStatus:
         Создание "Levenshtein\x64\Debug\Levenshtein.tlog\unsuccessfulbuild", так как было задано "AlwaysCreate".
         Обращение к "Levenshtein\x64\Debug\Levenshtein.tlog\unsuccessfulbuild".
       ClCompile:
         C:\Program Files\Microsoft Visual Studio\2022\Community\VC\Tools\MSVC\14.43.34808\bin\HostX64\x64\CL.exe /c /ZI /JMC /nologo /W3 /WX- /diagnostics:column /sdl /Od /D _DEBUG /D _CONSOLE /D _UNICODE /D UNICODE /Gm- /EHsc /RTC1 /MDd /GS /fp:precise /Zc:wchar_t /Zc:forScope /Zc:inline /permissive- /Fo"Levenshtein\x64\Debug\\" /Fd"Levenshtein\x64\Debug\vc143.pdb" /external:W3 /Gd /TP /FC /errorReport:prompt main.cpp
         main.cpp
     1>D:\Универ\MP\Lab4\main.cpp(39,19): warning C4244: аргумент: преобразование "time_t" в "unsigned int", возможна потеря данных
       Link:
         C:\Program Files\Microsoft Visual Studio\2022\Community\VC\Tools\MSVC\14.43.34808\bin\HostX64\x64\link.exe /ERRORREPORT:PROMPT /OUT:"D:\Универ\MP\Lab4\x64\Debug\Levenshtein.exe" /INCREMENTAL /ILK:"Levenshtein\x64\Debug\Levenshtein.ilk" /NOLOGO kernel32.lib user32.lib gdi32.lib winspool.lib comdlg32.lib advapi32.lib shell32.lib ole32.lib oleaut32.lib uuid.lib odbc32.lib odbccp32.lib /MANIFEST /MANIFESTUAC:"level='asInvoker' uiAccess='false'" /manifest:embed /DEBUG /PDB:"D:\Универ\MP\Lab4\x64\Debug\Levenshtein.pdb" /SUBSYSTEM:CONSOLE /TLBID:1 /DYNAMICBASE /NXCOMPAT /IMPLIB:"D:\Универ\MP\Lab4\x64\Debug\Levenshtein.lib" /MACHINE:X64 Levenshtein\x64\Debug\Levenshtein.obj
         Levenshtein\x64\Debug\main.obj
         Lab4.vcxproj -> D:\Универ\MP\Lab4\x64\Debug\Levenshtein.exe
       FinalizeBuildStatus:
         Файл "Levenshtein\x64\Debug\Levenshtein.tlog\unsuccessfulbuild" удаляется.
         Обращение к "Levenshtein\x64\Debug\Levenshtein.tlog\Levenshtein.lastbuildstate".
     1>Сборка проекта "D:\Универ\MP\Lab4\Lab4.vcxproj" завершена (целевые объекты Build).

Сборка успешно завершена.

       "D:\Универ\MP\Lab4\Lab4.vcxproj" (целевой объект Build ) (1) ->
       (Целевой объект ClCompile) -> 
         D:\Универ\MP\Lab4\main.cpp(39,19): warning C4244: аргумент: преобразование "time_t" в "unsigned int", возможна потеря данных

    Предупреждений: 1
    Ошибок: 0

Прошло времени 00:00:02.04
